<?xml version="1.0" encoding="UTF-8"?>
<testng-results ignored="0" total="2" passed="2" failed="0" skipped="0">
  <reporter-output>
  </reporter-output>
  <suite started-at="2021-06-29T17:07:07 IST" name="Default suite" finished-at="2021-06-29T17:07:19 IST" duration-ms="12634">
    <groups>
    </groups>
    <test started-at="2021-06-29T17:07:07 IST" name="Default test" finished-at="2021-06-29T17:07:19 IST" duration-ms="12634">
      <class name="Test_SupplierApplication.TestLogin">
        <test-method signature="Test_SupplierLogin()[pri:0, instance:Test_SupplierApplication.TestLogin@662b4c69]" started-at="2021-06-29T17:07:07 IST" name="Test_SupplierLogin" finished-at="2021-06-29T17:07:15 IST" duration-ms="8778" status="PASS">
          <reporter-output>
          </reporter-output>
        </test-method> <!-- Test_SupplierLogin -->
        <test-method signature="Test_TourPage_Navigation()[pri:0, instance:Test_SupplierApplication.TestLogin@662b4c69]" started-at="2021-06-29T17:07:15 IST" name="Test_TourPage_Navigation" finished-at="2021-06-29T17:07:19 IST" depends-on-methods="Test_SupplierApplication.TestLogin.Test_SupplierLogin" duration-ms="3045" status="PASS">
          <reporter-output>
          </reporter-output>
        </test-method> <!-- Test_TourPage_Navigation -->
        <test-method is-config="true" signature="closedriver()[pri:0, instance:Test_SupplierApplication.TestLogin@662b4c69]" started-at="2021-06-29T17:07:19 IST" name="closedriver" finished-at="2021-06-29T17:07:19 IST" duration-ms="769" status="PASS">
          <reporter-output>
          </reporter-output>
        </test-method> <!-- closedriver -->
      </class> <!-- Test_SupplierApplication.TestLogin -->
    </test> <!-- Default test -->
  </suite> <!-- Default suite -->
</testng-results>
